# JRE version: Java(TM) SE Runtime Environment (8.0_211-b12) (build 1.8.0_211-b12)
# Java VM: Java HotSpot(TM) 64-Bit Server VM (25.211-b12 mixed mode windows-amd64 compressed oops)
Heap:
 PSYoungGen      total 14848K, used 7634K [0x0000000780d00000, 0x0000000782300000, 0x00000007c0000000)
  eden space 10240K, 36% used [0x0000000780d00000,0x00000007810a6b28,0x0000000781700000)
  from space 4608K, 84% used [0x0000000781700000,0x0000000781acdea8,0x0000000781b80000)
  to   space 5632K, 0% used [0x0000000781d80000,0x0000000781d80000,0x0000000782300000)
 ParOldGen       total 10752K, used 5649K [0x0000000702600000, 0x0000000703080000, 0x0000000780d00000)
  object space 10752K, 52% used [0x0000000702600000,0x0000000702b84630,0x0000000703080000)
 Metaspace       used 8574K, capacity 9172K, committed 9344K, reserved 1056768K
  class space    used 1020K, capacity 1040K, committed 1152K, reserved 1048576K
GC Heap History (10 events):
Event: 0.227 GC heap before
{Heap before GC invocations=4 (full 0):
 PSYoungGen      total 3584K, used 3560K [0x0000000780d00000, 0x0000000781400000, 0x00000007c0000000)
  eden space 3072K, 100% used [0x0000000780d00000,0x0000000781000000,0x0000000781000000)
  from space 512K, 95% used [0x0000000781000000,0x000000078107a030,0x0000000781080000)
  to   space 512K, 0% used [0x0000000781380000,0x0000000781380000,0x0000000781400000)
 ParOldGen       total 5632K, used 1032K [0x0000000702600000, 0x0000000702b80000, 0x0000000780d00000)
  object space 5632K, 18% used [0x0000000702600000,0x0000000702702080,0x0000000702b80000)
 Metaspace       used 6073K, capacity 7244K, committed 7552K, reserved 1056768K
  class space    used 758K, capacity 776K, committed 896K, reserved 1048576K
Event: 0.228 GC heap after
Heap after GC invocations=4 (full 0):
 PSYoungGen      total 6656K, used 488K [0x0000000780d00000, 0x0000000781400000, 0x00000007c0000000)
  eden space 6144K, 0% used [0x0000000780d00000,0x0000000780d00000,0x0000000781300000)
  from space 512K, 95% used [0x0000000781380000,0x00000007813fa020,0x0000000781400000)
  to   space 512K, 0% used [0x0000000781300000,0x0000000781300000,0x0000000781380000)
 ParOldGen       total 5632K, used 1272K [0x0000000702600000, 0x0000000702b80000, 0x0000000780d00000)
  object space 5632K, 22% used [0x0000000702600000,0x000000070273e080,0x0000000702b80000)
 Metaspace       used 6073K, capacity 7244K, committed 7552K, reserved 1056768K
  class space    used 758K, capacity 776K, committed 896K, reserved 1048576K
}
Event: 0.294 GC heap before
{Heap before GC invocations=5 (full 0):
 PSYoungGen      total 6656K, used 6632K [0x0000000780d00000, 0x0000000781400000, 0x00000007c0000000)
  eden space 6144K, 100% used [0x0000000780d00000,0x0000000781300000,0x0000000781300000)
  from space 512K, 95% used [0x0000000781380000,0x00000007813fa020,0x0000000781400000)
  to   space 512K, 0% used [0x0000000781300000,0x0000000781300000,0x0000000781380000)
 ParOldGen       total 5632K, used 1272K [0x0000000702600000, 0x0000000702b80000, 0x0000000780d00000)
  object space 5632K, 22% used [0x0000000702600000,0x000000070273e080,0x0000000702b80000)
 Metaspace       used 7312K, capacity 8180K, committed 8448K, reserved 1056768K
  class space    used 890K, capacity 944K, committed 1024K, reserved 1048576K
Event: 0.296 GC heap after
Heap after GC invocations=5 (full 0):
 PSYoungGen      total 6656K, used 496K [0x0000000780d00000, 0x0000000782000000, 0x00000007c0000000)
  eden space 6144K, 0% used [0x0000000780d00000,0x0000000780d00000,0x0000000781300000)
  from space 512K, 96% used [0x0000000781300000,0x000000078137c020,0x0000000781380000)
  to   space 3584K, 0% used [0x0000000781c80000,0x0000000781c80000,0x0000000782000000)
 ParOldGen       total 5632K, used 4723K [0x0000000702600000, 0x0000000702b80000, 0x0000000780d00000)
  object space 5632K, 83% used [0x0000000702600000,0x0000000702a9cf88,0x0000000702b80000)
 Metaspace       used 7312K, capacity 8180K, committed 8448K, reserved 1056768K
  class space    used 890K, capacity 944K, committed 1024K, reserved 1048576K
}
Event: 0.296 GC heap before
{Heap before GC invocations=6 (full 1):
 PSYoungGen      total 6656K, used 496K [0x0000000780d00000, 0x0000000782000000, 0x00000007c0000000)
  eden space 6144K, 0% used [0x0000000780d00000,0x0000000780d00000,0x0000000781300000)
  from space 512K, 96% used [0x0000000781300000,0x000000078137c020,0x0000000781380000)
  to   space 3584K, 0% used [0x0000000781c80000,0x0000000781c80000,0x0000000782000000)
 ParOldGen       total 5632K, used 4723K [0x0000000702600000, 0x0000000702b80000, 0x0000000780d00000)
  object space 5632K, 83% used [0x0000000702600000,0x0000000702a9cf88,0x0000000702b80000)
 Metaspace       used 7312K, capacity 8180K, committed 8448K, reserved 1056768K
  class space    used 890K, capacity 944K, committed 1024K, reserved 1048576K
Event: 0.317 GC heap after
Heap after GC invocations=6 (full 1):
 PSYoungGen      total 6656K, used 0K [0x0000000780d00000, 0x0000000782000000, 0x00000007c0000000)
  eden space 6144K, 0% used [0x0000000780d00000,0x0000000780d00000,0x0000000781300000)
  from space 512K, 0% used [0x0000000781300000,0x0000000781300000,0x0000000781380000)
  to   space 3584K, 0% used [0x0000000781c80000,0x0000000781c80000,0x0000000782000000)
 ParOldGen       total 10752K, used 4849K [0x0000000702600000, 0x0000000703080000, 0x0000000780d00000)
  object space 10752K, 45% used [0x0000000702600000,0x0000000702abc620,0x0000000703080000)
 Metaspace       used 7312K, capacity 8180K, committed 8448K, reserved 1056768K
  class space    used 890K, capacity 944K, committed 1024K, reserved 1048576K
}
Event: 0.340 GC heap before
{Heap before GC invocations=7 (full 1):
 PSYoungGen      total 6656K, used 6144K [0x0000000780d00000, 0x0000000782000000, 0x00000007c0000000)
  eden space 6144K, 100% used [0x0000000780d00000,0x0000000781300000,0x0000000781300000)
  from space 512K, 0% used [0x0000000781300000,0x0000000781300000,0x0000000781380000)
  to   space 3584K, 0% used [0x0000000781c80000,0x0000000781c80000,0x0000000782000000)
 ParOldGen       total 10752K, used 4849K [0x0000000702600000, 0x0000000703080000, 0x0000000780d00000)
  object space 10752K, 45% used [0x0000000702600000,0x0000000702abc620,0x0000000703080000)
 Metaspace       used 7336K, capacity 8180K, committed 8448K, reserved 1056768K
  class space    used 891K, capacity 944K, committed 1024K, reserved 1048576K
Event: 0.343 GC heap after
Heap after GC invocations=7 (full 1):
 PSYoungGen      total 11776K, used 3557K [0x0000000780d00000, 0x0000000782000000, 0x00000007c0000000)
  eden space 8192K, 0% used [0x0000000780d00000,0x0000000780d00000,0x0000000781500000)
  from space 3584K, 99% used [0x0000000781c80000,0x0000000781ff97c0,0x0000000782000000)
  to   space 4608K, 0% used [0x0000000781700000,0x0000000781700000,0x0000000781b80000)
 ParOldGen       total 10752K, used 5641K [0x0000000702600000, 0x0000000703080000, 0x0000000780d00000)
  object space 10752K, 52% used [0x0000000702600000,0x0000000702b82630,0x0000000703080000)
 Metaspace       used 7336K, capacity 8180K, committed 8448K, reserved 1056768K
  class space    used 891K, capacity 944K, committed 1024K, reserved 1048576K
}
Event: 0.397 GC heap before
{Heap before GC invocations=8 (full 1):
 PSYoungGen      total 11776K, used 11749K [0x0000000780d00000, 0x0000000782000000, 0x00000007c0000000)
  eden space 8192K, 100% used [0x0000000780d00000,0x0000000781500000,0x0000000781500000)
  from space 3584K, 99% used [0x0000000781c80000,0x0000000781ff97c0,0x0000000782000000)
  to   space 4608K, 0% used [0x0000000781700000,0x0000000781700000,0x0000000781b80000)
 ParOldGen       total 10752K, used 5641K [0x0000000702600000, 0x0000000703080000, 0x0000000780d00000)
  object space 10752K, 52% used [0x0000000702600000,0x0000000702b82630,0x0000000703080000)
 Metaspace       used 7829K, capacity 8532K, committed 8704K, reserved 1056768K
  class space    used 943K, capacity 976K, committed 1024K, reserved 1048576K
Event: 0.399 GC heap after
Heap after GC invocations=8 (full 1):
 PSYoungGen      total 14848K, used 3895K [0x0000000780d00000, 0x0000000782300000, 0x00000007c0000000)
  eden space 10240K, 0% used [0x0000000780d00000,0x0000000780d00000,0x0000000781700000)
  from space 4608K, 84% used [0x0000000781700000,0x0000000781acdea8,0x0000000781b80000)
  to   space 5632K, 0% used [0x0000000781d80000,0x0000000781d80000,0x0000000782300000)
 ParOldGen       total 10752K, used 5649K [0x0000000702600000, 0x0000000703080000, 0x0000000780d00000)
  object space 10752K, 52% used [0x0000000702600000,0x0000000702b84630,0x0000000703080000)
 Metaspace       used 7829K, capacity 8532K, committed 8704K, reserved 1056768K
  class space    used 943K, capacity 976K, committed 1024K, reserved 1048576K
}

